============================================
Pipeline 1: Reference Tree Builder
Started: Tue 31 Mar 08:22:19 BST 2026
============================================

STEP 1: Separating USCα and USCγ reference sequences...
USCα reference sequences: 5
USCγ reference sequences: 1
USCα references: 5
USCγ references: 1

STEP 2: Aligning reference sequences with MAFFT...
USCα reference alignment width: 60
USCγ reference alignment width: 60

STEP 3: Building reference trees with FastTree...
USCα tree built: -rw-r--r--. 1 jc224 hpc-spawar 221 Mar 31 08:22 /rds/general/user/jc224/home/pmoA_output/fastree_output/USCalpha_tree.nwk
USCγ tree built: -rw-r--r--. 1 jc224 hpc-spawar 38 Mar 31 08:22 /rds/general/user/jc224/home/pmoA_output/fastree_output/USCgamma_tree.nwk

============================================
Pipeline 1 Complete: Tue 31 Mar 08:22:22 BST 2026
============================================
Outputs (pass these to Pipeline 2):

  Reference alignments:
    /rds/general/user/jc224/home/pmoA_output/fastree_output/USCalpha_ref_aligned.fasta
    /rds/general/user/jc224/home/pmoA_output/fastree_output/USCgamma_ref_aligned.fasta

  Reference trees:
    /rds/general/user/jc224/home/pmoA_output/fastree_output/USCalpha_tree.nwk
    /rds/general/user/jc224/home/pmoA_output/fastree_output/USCgamma_tree.nwk

These files are fixed. Re-run Pipeline 1 only if
you update your reference database.
============================================

====================================
CPU Time used: 00:00:00
CPU Percent: 0%
Memory usage: 0b
Approx Power usage: 0.0
Walltime usage: 00:00:28

====================================
